Horizon started successfully.
Horizon started successfully.
[2021-05-14 07:11:29][c521e14a-1d63-421f-9452-feb115635d0e] Processing: App\Jobs\ProcessImage
[2021-05-14 07:11:29][c521e14a-1d63-421f-9452-feb115635d0e] Processed:  App\Jobs\ProcessImage
[2021-05-14 07:11:29][ce54b0b7-bab6-4800-b969-5fdd52303b61] Processing: App\Jobs\ProcessImage
[2021-05-14 07:11:29][ce54b0b7-bab6-4800-b969-5fdd52303b61] Processed:  App\Jobs\ProcessImage
[2021-05-14 07:11:29][5d5bbc5f-2cfc-453a-a36e-826eea0619b3] Processing: App\Jobs\ProcessImage
[2021-05-14 07:11:29][5d5bbc5f-2cfc-453a-a36e-826eea0619b3] Processed:  App\Jobs\ProcessImage
[2021-05-14 07:13:15][50b2a11f-f8c8-4175-9f2c-b3f23fc1c00b] Processing: App\Jobs\ProcessImage
[2021-05-14 07:13:15][50b2a11f-f8c8-4175-9f2c-b3f23fc1c00b] Processed:  App\Jobs\ProcessImage
[2021-05-14 07:13:15][cb9e6ff9-69af-407b-8636-eb44b33f749d] Processing: App\Jobs\ProcessImage
[2021-05-14 07:13:15][cb9e6ff9-69af-407b-8636-eb44b33f749d] Processed:  App\Jobs\ProcessImage
[2021-05-14 07:13:15][ba1e906d-126a-4dc5-b8f2-e5d597ece899] Processing: App\Jobs\ProcessImage
[2021-05-14 07:13:15][ba1e906d-126a-4dc5-b8f2-e5d597ece899] Processed:  App\Jobs\ProcessImage
[2021-05-14 09:41:27][3a2420cf-b341-4808-8e79-fd1b1e2b9780] Processing: App\Jobs\ProcessImage
[2021-05-14 09:41:27][3a2420cf-b341-4808-8e79-fd1b1e2b9780] Processed:  App\Jobs\ProcessImage
[2021-05-14 09:41:27][5a7f25b9-6ce2-48fd-a4b8-3e268c794a1e] Processing: App\Jobs\ProcessImage
[2021-05-14 09:41:27][5a7f25b9-6ce2-48fd-a4b8-3e268c794a1e] Processed:  App\Jobs\ProcessImage
[2021-05-14 09:41:27][a8e28c42-7d02-4677-a11a-b99f3b3b8d6c] Processing: App\Jobs\ProcessImage
[2021-05-14 09:41:27][a8e28c42-7d02-4677-a11a-b99f3b3b8d6c] Processed:  App\Jobs\ProcessImage
[2021-05-14 10:20:42][3ba485f9-a89c-44dc-a26f-6a4d25a7e94f] Processing: App\Jobs\ProcessImage
[2021-05-14 10:20:43][3ba485f9-a89c-44dc-a26f-6a4d25a7e94f] Processed:  App\Jobs\ProcessImage
[2021-05-14 10:20:42][def268b8-34e6-421e-8698-4d2736c741cd] Processing: App\Jobs\ProcessImage
[2021-05-14 10:20:43][def268b8-34e6-421e-8698-4d2736c741cd] Processed:  App\Jobs\ProcessImage
[2021-05-14 10:20:42][ce467a9f-2993-4771-b3d4-1fee74b234fa] Processing: App\Jobs\ProcessImage
[2021-05-14 10:20:43][ce467a9f-2993-4771-b3d4-1fee74b234fa] Processed:  App\Jobs\ProcessImage
[2021-05-14 10:21:19][07a1076a-d9cc-4612-b191-a74861e7889e] Processing: App\Jobs\ProcessImage
[2021-05-14 10:21:19][499ea15f-ed99-491d-a476-4ba4393e8304] Processing: App\Jobs\ProcessImage
[2021-05-14 10:21:19][16fe9f05-c3d3-4f97-a82f-b37d249996c1] Processing: App\Jobs\ProcessImage
[2021-05-14 10:21:19][07a1076a-d9cc-4612-b191-a74861e7889e] Processed:  App\Jobs\ProcessImage
[2021-05-14 10:21:19][499ea15f-ed99-491d-a476-4ba4393e8304] Processed:  App\Jobs\ProcessImage
[2021-05-14 10:21:19][16fe9f05-c3d3-4f97-a82f-b37d249996c1] Processed:  App\Jobs\ProcessImage
[2021-05-14 10:22:20][61cdbaa3-535d-4bf3-b76e-94a3c1ebbbe7] Processing: App\Jobs\ProcessImage
[2021-05-14 10:22:20][21f13682-60de-455b-a17f-da5abb97a1bb] Processing: App\Jobs\ProcessImage
[2021-05-14 10:22:20][7da56a78-f99e-4fa3-89d6-85251ab7d6a8] Processing: App\Jobs\ProcessImage
[2021-05-14 10:22:20][61cdbaa3-535d-4bf3-b76e-94a3c1ebbbe7] Processed:  App\Jobs\ProcessImage
[2021-05-14 10:22:20][21f13682-60de-455b-a17f-da5abb97a1bb] Processed:  App\Jobs\ProcessImage
[2021-05-14 10:22:20][7da56a78-f99e-4fa3-89d6-85251ab7d6a8] Processed:  App\Jobs\ProcessImage
[2021-05-14 10:23:05][9d3f2991-9313-4242-b0a6-0f6ec72da57e] Processing: App\Jobs\ProcessImage
[2021-05-14 10:23:05][9d3f2991-9313-4242-b0a6-0f6ec72da57e] Processed:  App\Jobs\ProcessImage
[2021-05-14 10:23:05][79502873-0935-473b-b010-fa4653126bc8] Processing: App\Jobs\ProcessImage
[2021-05-14 10:23:05][d66d3511-7181-43c1-902a-befc0a19d0dd] Processing: App\Jobs\ProcessImage
[2021-05-14 10:23:05][d66d3511-7181-43c1-902a-befc0a19d0dd] Processed:  App\Jobs\ProcessImage
[2021-05-14 10:23:05][79502873-0935-473b-b010-fa4653126bc8] Processed:  App\Jobs\ProcessImage
Horizon started successfully.
Horizon started successfully.
Horizon started successfully.
Horizon started successfully.
[2021-05-19 06:59:03][fadee429-1177-4cc4-baab-c21436ad5313] Processing: App\Jobs\ProcessImage
[2021-05-19 06:59:03][42cc59fe-09f1-4fca-8cda-11061910a133] Processing: App\Jobs\ProcessImage
[2021-05-19 06:59:03][aa150d4e-3458-452d-938c-76514a32b336] Processing: App\Jobs\ProcessImage
[2021-05-19 06:59:04][fadee429-1177-4cc4-baab-c21436ad5313] Processed:  App\Jobs\ProcessImage
[2021-05-19 06:59:04][42cc59fe-09f1-4fca-8cda-11061910a133] Processed:  App\Jobs\ProcessImage
[2021-05-19 06:59:04][aa150d4e-3458-452d-938c-76514a32b336] Processed:  App\Jobs\ProcessImage
Horizon started successfully.
[2021-05-20 08:32:44][73a1904f-36e7-4754-85cd-c16e78e22c9c] Processing: App\Jobs\ProcessImage
[2021-05-20 08:32:44][fbcf5451-56a7-4d47-af1c-d1796041540d] Processing: App\Jobs\ProcessImage
[2021-05-20 08:32:44][374ec133-5f90-4189-b757-1e32ba7ac072] Processing: App\Jobs\ProcessImage
[2021-05-20 08:32:45][73a1904f-36e7-4754-85cd-c16e78e22c9c] Processed:  App\Jobs\ProcessImage
[2021-05-20 08:32:45][fbcf5451-56a7-4d47-af1c-d1796041540d] Processed:  App\Jobs\ProcessImage
[2021-05-20 08:32:45][374ec133-5f90-4189-b757-1e32ba7ac072] Processed:  App\Jobs\ProcessImage
[2021-05-20 08:35:16][a864bc05-3abe-43c9-8a09-c539570db644] Processing: App\Jobs\ProcessImage
[2021-05-20 08:35:16][a864bc05-3abe-43c9-8a09-c539570db644] Processed:  App\Jobs\ProcessImage
[2021-05-20 08:35:16][ddde8ed5-b621-4ce9-a5fe-e657e16e03b1] Processing: App\Jobs\ProcessImage
[2021-05-20 08:35:16][ddde8ed5-b621-4ce9-a5fe-e657e16e03b1] Processed:  App\Jobs\ProcessImage
[2021-05-20 08:35:16][1be35f49-c5c1-48cf-bf39-f6e76bf202b0] Processing: App\Jobs\ProcessImage
[2021-05-20 08:35:16][1be35f49-c5c1-48cf-bf39-f6e76bf202b0] Processed:  App\Jobs\ProcessImage
Horizon started successfully.
[2021-05-20 09:22:12][afc9460d-f935-4d17-afad-930923a2fd43] Processing: App\Jobs\ProcessImage
[2021-05-20 09:22:12][9012a207-b689-4349-8d88-6bb9537df48d] Processing: App\Jobs\ProcessImage
[2021-05-20 09:22:12][f5a78351-5b1e-4f51-bc29-3c9bf127852e] Processing: App\Jobs\ProcessImage
[2021-05-20 09:22:12][afc9460d-f935-4d17-afad-930923a2fd43] Processed:  App\Jobs\ProcessImage
[2021-05-20 09:22:12][9012a207-b689-4349-8d88-6bb9537df48d] Processed:  App\Jobs\ProcessImage
[2021-05-20 09:22:12][f5a78351-5b1e-4f51-bc29-3c9bf127852e] Processed:  App\Jobs\ProcessImage
[2021-05-20 09:24:36][e0cdd6e9-16a3-471e-9615-29bdd681bcc2] Processing: App\Jobs\ProcessImage
[2021-05-20 09:24:36][e0cdd6e9-16a3-471e-9615-29bdd681bcc2] Processed:  App\Jobs\ProcessImage
[2021-05-20 09:24:36][0fcf7c5a-cd27-464a-af18-4ed91fcb454d] Processing: App\Jobs\ProcessImage
[2021-05-20 09:24:36][0fcf7c5a-cd27-464a-af18-4ed91fcb454d] Processed:  App\Jobs\ProcessImage
[2021-05-20 09:24:36][5bebc4bc-70b2-48ea-888c-7c99024d09c1] Processing: App\Jobs\ProcessImage
[2021-05-20 09:24:36][5bebc4bc-70b2-48ea-888c-7c99024d09c1] Processed:  App\Jobs\ProcessImage
[2021-05-20 09:24:48][ba367376-d8c2-49e6-b608-9e71faf0488d] Processing: App\Jobs\ProcessImage
[2021-05-20 09:24:49][ba367376-d8c2-49e6-b608-9e71faf0488d] Processed:  App\Jobs\ProcessImage
[2021-05-20 09:24:49][f391ed7c-afad-49c6-a86f-369ef251c35d] Processing: App\Jobs\ProcessImage
[2021-05-20 09:24:49][f391ed7c-afad-49c6-a86f-369ef251c35d] Processed:  App\Jobs\ProcessImage
[2021-05-20 09:24:48][c516cc27-613e-428f-83af-94268a778307] Processing: App\Jobs\ProcessImage
[2021-05-20 09:24:49][c516cc27-613e-428f-83af-94268a778307] Processed:  App\Jobs\ProcessImage
[2021-05-20 09:42:18][38cf3531-cc1c-4614-87b9-5ea67c7643ce] Processing: App\Jobs\ProcessImage
[2021-05-20 09:42:18][38cf3531-cc1c-4614-87b9-5ea67c7643ce] Processed:  App\Jobs\ProcessImage
[2021-05-20 09:42:18][cc3c36e8-f8ce-4c8c-bb73-07b5dce47286] Processing: App\Jobs\ProcessImage
[2021-05-20 09:42:18][cc3c36e8-f8ce-4c8c-bb73-07b5dce47286] Processed:  App\Jobs\ProcessImage
[2021-05-20 09:42:18][2d259310-0607-43b5-97a7-63415094e852] Processing: App\Jobs\ProcessImage
[2021-05-20 09:42:18][2d259310-0607-43b5-97a7-63415094e852] Processed:  App\Jobs\ProcessImage
[2021-05-20 09:42:24][2a2540a1-9c39-462d-8239-d259bbcf439c] Processing: App\Jobs\ProcessImage
[2021-05-20 09:42:24][2a2540a1-9c39-462d-8239-d259bbcf439c] Processed:  App\Jobs\ProcessImage
[2021-05-20 09:42:24][a0180b09-3572-45d0-bb4f-6ca6bcc87192] Processing: App\Jobs\ProcessImage
[2021-05-20 09:42:25][a0180b09-3572-45d0-bb4f-6ca6bcc87192] Processed:  App\Jobs\ProcessImage
[2021-05-20 09:42:24][4ac5c975-2672-4c28-b413-0a5432112e77] Processing: App\Jobs\ProcessImage
[2021-05-20 09:42:25][4ac5c975-2672-4c28-b413-0a5432112e77] Processed:  App\Jobs\ProcessImage
[2021-05-20 09:42:43][4e09182d-3dde-47ef-9130-e12bee8e3b52] Processing: App\Jobs\ProcessImage
[2021-05-20 09:42:43][2574da40-9f09-4347-aa22-bd545c696539] Processing: App\Jobs\ProcessImage
[2021-05-20 09:42:43][faaa97ca-2e1d-482d-929b-4a39e2f02f56] Processing: App\Jobs\ProcessImage
[2021-05-20 09:42:43][faaa97ca-2e1d-482d-929b-4a39e2f02f56] Processed:  App\Jobs\ProcessImage
[2021-05-20 09:42:43][4e09182d-3dde-47ef-9130-e12bee8e3b52] Processed:  App\Jobs\ProcessImage
[2021-05-20 09:42:43][2574da40-9f09-4347-aa22-bd545c696539] Processed:  App\Jobs\ProcessImage
[2021-05-20 09:43:04][65799559-cea3-46fb-ac9b-61fdd8a63263] Processing: App\Jobs\ProcessImage
[2021-05-20 09:43:04][c5febe54-1f79-4905-8206-9e6e9662b134] Processing: App\Jobs\ProcessImage
[2021-05-20 09:43:04][d487489d-04a2-4566-998d-982805241805] Processing: App\Jobs\ProcessImage
[2021-05-20 09:43:04][65799559-cea3-46fb-ac9b-61fdd8a63263] Processed:  App\Jobs\ProcessImage
[2021-05-20 09:43:04][e766aeb3-3889-4a64-8b58-9391b10b8829] Processing: App\Jobs\ProcessImage
[2021-05-20 09:43:04][e766aeb3-3889-4a64-8b58-9391b10b8829] Processed:  App\Jobs\ProcessImage
[2021-05-20 09:43:04][c5febe54-1f79-4905-8206-9e6e9662b134] Processed:  App\Jobs\ProcessImage
[2021-05-20 09:43:04][b4eb9a96-b8f3-4ba7-ab63-1774da31c52f] Processing: App\Jobs\ProcessImage
[2021-05-20 09:43:04][b4eb9a96-b8f3-4ba7-ab63-1774da31c52f] Processed:  App\Jobs\ProcessImage
[2021-05-20 09:43:04][d487489d-04a2-4566-998d-982805241805] Processed:  App\Jobs\ProcessImage
[2021-05-20 09:43:04][cffd8011-abcf-4e12-93d6-bf63556aef33] Processing: App\Jobs\ProcessImage
[2021-05-20 09:43:04][cffd8011-abcf-4e12-93d6-bf63556aef33] Processed:  App\Jobs\ProcessImage
[2021-05-20 09:43:10][d4dd3be0-fa5a-4a3d-a8d8-fdc436d21ea5] Processing: App\Jobs\ProcessImage
[2021-05-20 09:43:11][d4dd3be0-fa5a-4a3d-a8d8-fdc436d21ea5] Processed:  App\Jobs\ProcessImage
[2021-05-20 09:43:11][a77fc368-465f-4b27-8391-91096924ebbc] Processing: App\Jobs\ProcessImage
[2021-05-20 09:43:11][a77fc368-465f-4b27-8391-91096924ebbc] Processed:  App\Jobs\ProcessImage
[2021-05-20 09:43:10][70874744-3826-4545-83cf-0d8c3acbb221] Processing: App\Jobs\ProcessImage
[2021-05-20 09:43:11][70874744-3826-4545-83cf-0d8c3acbb221] Processed:  App\Jobs\ProcessImage
[2021-05-20 09:43:11][b449809d-ffed-4b9f-881d-d967aea4be83] Processing: App\Jobs\ProcessImage
[2021-05-20 09:43:11][b449809d-ffed-4b9f-881d-d967aea4be83] Processed:  App\Jobs\ProcessImage
[2021-05-20 09:43:10][20dd9387-ba28-461a-a1dc-f543f428e85d] Processing: App\Jobs\ProcessImage
[2021-05-20 09:43:11][20dd9387-ba28-461a-a1dc-f543f428e85d] Processed:  App\Jobs\ProcessImage
[2021-05-20 09:43:11][eae103dc-0a70-4e4f-b68f-4a932a1347a5] Processing: App\Jobs\ProcessImage
[2021-05-20 09:43:11][eae103dc-0a70-4e4f-b68f-4a932a1347a5] Processed:  App\Jobs\ProcessImage
[2021-05-20 09:43:14][01be640f-b606-43e0-8eb0-f91c8b75394e] Processing: App\Jobs\ProcessImage
[2021-05-20 09:43:14][6cc49aa0-b01b-4b65-83be-9f92b2880d9b] Processing: App\Jobs\ProcessImage
[2021-05-20 09:43:14][3365a6d4-ad00-440a-a499-e73012e5b513] Processing: App\Jobs\ProcessImage
[2021-05-20 09:43:14][3365a6d4-ad00-440a-a499-e73012e5b513] Processed:  App\Jobs\ProcessImage
[2021-05-20 09:43:14][01be640f-b606-43e0-8eb0-f91c8b75394e] Processed:  App\Jobs\ProcessImage
[2021-05-20 09:43:14][f60223a8-5a93-48a3-a2ee-0e9fede7a0a9] Processing: App\Jobs\ProcessImage
[2021-05-20 09:43:14][f60223a8-5a93-48a3-a2ee-0e9fede7a0a9] Processed:  App\Jobs\ProcessImage
[2021-05-20 09:43:14][6cc49aa0-b01b-4b65-83be-9f92b2880d9b] Processed:  App\Jobs\ProcessImage
[2021-05-20 09:43:14][4de3e178-f81f-42f0-913e-a9ee2489d5f5] Processing: App\Jobs\ProcessImage
[2021-05-20 09:43:14][4de3e178-f81f-42f0-913e-a9ee2489d5f5] Processed:  App\Jobs\ProcessImage
[2021-05-20 09:43:14][03798a54-de64-47d8-acf1-f910231b5b27] Processing: App\Jobs\ProcessImage
[2021-05-20 09:43:14][03798a54-de64-47d8-acf1-f910231b5b27] Processed:  App\Jobs\ProcessImage
[2021-05-20 09:43:20][f2eb08fd-85f3-4966-a9cc-0733b6b5b5a8] Processing: App\Jobs\ProcessImage
[2021-05-20 09:43:20][f2eb08fd-85f3-4966-a9cc-0733b6b5b5a8] Processed:  App\Jobs\ProcessImage
[2021-05-20 09:43:20][d8b04f68-aaac-4ad9-b545-4b77a0bc653f] Processing: App\Jobs\ProcessImage
[2021-05-20 09:43:21][d8b04f68-aaac-4ad9-b545-4b77a0bc653f] Processed:  App\Jobs\ProcessImage
[2021-05-20 09:43:21][083c2a6e-de86-48b5-9a8e-464c966c4314] Processing: App\Jobs\ProcessImage
[2021-05-20 09:43:21][083c2a6e-de86-48b5-9a8e-464c966c4314] Processed:  App\Jobs\ProcessImage
[2021-05-20 09:43:21][24350ff9-2f9b-463d-a4da-b16c652bed00] Processing: App\Jobs\ProcessImage
[2021-05-20 09:43:21][24350ff9-2f9b-463d-a4da-b16c652bed00] Processed:  App\Jobs\ProcessImage
[2021-05-20 09:43:20][7bb87769-cd20-4ecb-b6ed-3074cf3dca8e] Processing: App\Jobs\ProcessImage
[2021-05-20 09:43:21][7bb87769-cd20-4ecb-b6ed-3074cf3dca8e] Processed:  App\Jobs\ProcessImage
[2021-05-20 09:43:21][3c703afb-9ceb-4353-b9f5-846c8930bdf6] Processing: App\Jobs\ProcessImage
[2021-05-20 09:43:21][3c703afb-9ceb-4353-b9f5-846c8930bdf6] Processed:  App\Jobs\ProcessImage
[2021-05-20 09:43:20][04c4f3cd-430c-419a-b515-68465e38f871] Processing: App\Jobs\ProcessImage
[2021-05-20 09:43:20][04c4f3cd-430c-419a-b515-68465e38f871] Processed:  App\Jobs\ProcessImage
[2021-05-20 09:43:20][af0576bd-c93c-4ef3-81f3-cd519448e411] Processing: App\Jobs\ProcessImage
[2021-05-20 09:43:21][af0576bd-c93c-4ef3-81f3-cd519448e411] Processed:  App\Jobs\ProcessImage
[2021-05-20 09:43:21][ac864dfa-deaf-49af-9530-90d7e227c4d0] Processing: App\Jobs\ProcessImage
[2021-05-20 09:43:21][ac864dfa-deaf-49af-9530-90d7e227c4d0] Processed:  App\Jobs\ProcessImage
[2021-05-20 10:20:57][57d470aa-7b8e-4c47-968d-d89d36216735] Processing: App\Jobs\ProcessImage
[2021-05-20 10:20:58][57d470aa-7b8e-4c47-968d-d89d36216735] Processed:  App\Jobs\ProcessImage
[2021-05-20 10:20:58][98e80beb-85e5-4d14-86d3-7f08f092de09] Processing: App\Jobs\ProcessImage
[2021-05-20 10:20:58][98e80beb-85e5-4d14-86d3-7f08f092de09] Processed:  App\Jobs\ProcessImage
[2021-05-20 10:20:57][36507f58-3a3a-4326-8633-8ef7b853c549] Processing: App\Jobs\ProcessImage
[2021-05-20 10:20:58][36507f58-3a3a-4326-8633-8ef7b853c549] Processed:  App\Jobs\ProcessImage
[2021-05-20 10:20:58][d553fb1c-0336-407c-85d4-d6b0f5b56147] Processing: App\Jobs\ProcessImage
[2021-05-20 10:20:58][d553fb1c-0336-407c-85d4-d6b0f5b56147] Processed:  App\Jobs\ProcessImage
[2021-05-20 10:20:57][4f43be53-1160-44c9-820f-f8c064423b7b] Processing: App\Jobs\ProcessImage
[2021-05-20 10:20:58][4f43be53-1160-44c9-820f-f8c064423b7b] Processed:  App\Jobs\ProcessImage
[2021-05-20 10:20:58][2c3e91cc-d141-44f0-a79a-7027290fa1ab] Processing: App\Jobs\ProcessImage
[2021-05-20 10:20:58][2c3e91cc-d141-44f0-a79a-7027290fa1ab] Processed:  App\Jobs\ProcessImage
[2021-05-20 11:48:29][03e7feba-0abe-4347-a28e-0e08cc15abda] Processing: App\Jobs\ProcessImage
[2021-05-20 11:48:29][563dbd09-dfec-4255-a1ab-28d9a5aa32a3] Processing: App\Jobs\ProcessImage
[2021-05-20 11:48:29][73981649-3dc1-44c7-b635-0d3ea142bf0a] Processing: App\Jobs\ProcessImage
[2021-05-20 11:48:29][03e7feba-0abe-4347-a28e-0e08cc15abda] Processed:  App\Jobs\ProcessImage
[2021-05-20 11:48:29][14286ebe-32af-4a11-9a60-6165affa4f91] Processing: App\Jobs\ProcessImage
[2021-05-20 11:48:30][14286ebe-32af-4a11-9a60-6165affa4f91] Processed:  App\Jobs\ProcessImage
[2021-05-20 11:48:30][f9f74fbf-35b0-4fbe-8ae3-9f83354d80ed] Processing: App\Jobs\ProcessImage
[2021-05-20 11:48:30][f9f74fbf-35b0-4fbe-8ae3-9f83354d80ed] Processed:  App\Jobs\ProcessImage
[2021-05-20 11:48:30][0088af1d-0908-4373-955d-db4ca7924131] Processing: App\Jobs\ProcessImage
[2021-05-20 11:48:30][0088af1d-0908-4373-955d-db4ca7924131] Processed:  App\Jobs\ProcessImage
[2021-05-20 11:48:29][563dbd09-dfec-4255-a1ab-28d9a5aa32a3] Processed:  App\Jobs\ProcessImage
[2021-05-20 11:48:29][3ba9b078-c525-4dbf-aa19-f2059db263b9] Processing: App\Jobs\ProcessImage
[2021-05-20 11:48:30][3ba9b078-c525-4dbf-aa19-f2059db263b9] Processed:  App\Jobs\ProcessImage
[2021-05-20 11:48:30][bbc6ff08-74e9-4fea-89be-c2c5d9264dce] Processing: App\Jobs\ProcessImage
[2021-05-20 11:48:30][bbc6ff08-74e9-4fea-89be-c2c5d9264dce] Processed:  App\Jobs\ProcessImage
[2021-05-20 11:48:30][f752f306-6777-4249-bd87-00cf7997b467] Processing: App\Jobs\ProcessImage
[2021-05-20 11:48:30][f752f306-6777-4249-bd87-00cf7997b467] Processed:  App\Jobs\ProcessImage
[2021-05-20 11:48:29][73981649-3dc1-44c7-b635-0d3ea142bf0a] Processed:  App\Jobs\ProcessImage
[2021-05-20 11:48:29][e493de5a-55f8-48c1-938c-91d385581933] Processing: App\Jobs\ProcessImage
[2021-05-20 11:48:30][e493de5a-55f8-48c1-938c-91d385581933] Processed:  App\Jobs\ProcessImage
[2021-05-20 11:48:30][05601fbc-81bf-4eb7-bd10-f49e74b6e69a] Processing: App\Jobs\ProcessImage
[2021-05-20 11:48:30][05601fbc-81bf-4eb7-bd10-f49e74b6e69a] Processed:  App\Jobs\ProcessImage
[2021-05-20 11:48:30][4f4b0fc6-aea4-47ef-858a-6ffe5272961c] Processing: App\Jobs\ProcessImage
[2021-05-20 11:48:30][4f4b0fc6-aea4-47ef-858a-6ffe5272961c] Processed:  App\Jobs\ProcessImage
